Analysis & Synthesis report for VGA_Spaceship
Thu Jan 18 21:08:58 2024
Quartus II 64-Bit Version 13.1.0 Build 162 10/23/2013 SJ Web Edition


---------------------
; Table of Contents ;
---------------------
  1. Legal Notice
  2. Analysis & Synthesis Summary
  3. Analysis & Synthesis Settings
  4. Parallel Compilation
  5. Analysis & Synthesis Source Files Read
  6. Analysis & Synthesis Resource Usage Summary
  7. Analysis & Synthesis Resource Utilization by Entity
  8. General Register Statistics
  9. Multiplexer Restructuring Statistics (Restructuring Performed)
 10. Port Connectivity Checks: "vga_sync:vga"
 11. Elapsed Time Per Partition
 12. Analysis & Synthesis Messages



----------------
; Legal Notice ;
----------------
Copyright (C) 1991-2013 Altera Corporation
Your use of Altera Corporation's design tools, logic functions 
and other software and tools, and its AMPP partner logic 
functions, and any output files from any of the foregoing 
(including device programming or simulation files), and any 
associated documentation or information are expressly subject 
to the terms and conditions of the Altera Program License 
Subscription Agreement, Altera MegaCore Function License 
Agreement, or other applicable license agreement, including, 
without limitation, that your use is for the sole purpose of 
programming logic devices manufactured by Altera and sold by 
Altera or its authorized distributors.  Please refer to the 
applicable agreement for further details.



+---------------------------------------------------------------------------------+
; Analysis & Synthesis Summary                                                    ;
+------------------------------------+--------------------------------------------+
; Analysis & Synthesis Status        ; Successful - Thu Jan 18 21:08:58 2024      ;
; Quartus II 64-Bit Version          ; 13.1.0 Build 162 10/23/2013 SJ Web Edition ;
; Revision Name                      ; VGA_Spaceship                              ;
; Top-level Entity Name              ; main                                       ;
; Family                             ; Cyclone IV E                               ;
; Total logic elements               ; 75                                         ;
;     Total combinational functions  ; 75                                         ;
;     Dedicated logic registers      ; 21                                         ;
; Total registers                    ; 21                                         ;
; Total pins                         ; 8                                          ;
; Total virtual pins                 ; 0                                          ;
; Total memory bits                  ; 0                                          ;
; Embedded Multiplier 9-bit elements ; 0                                          ;
; Total PLLs                         ; 0                                          ;
+------------------------------------+--------------------------------------------+


+----------------------------------------------------------------------------------------------------------------------+
; Analysis & Synthesis Settings                                                                                        ;
+----------------------------------------------------------------------------+--------------------+--------------------+
; Option                                                                     ; Setting            ; Default Value      ;
+----------------------------------------------------------------------------+--------------------+--------------------+
; Device                                                                     ; EP4CE22F17C6       ;                    ;
; Top-level entity name                                                      ; main               ; VGA_Spaceship      ;
; Family name                                                                ; Cyclone IV E       ; Cyclone IV GX      ;
; Use smart compilation                                                      ; Off                ; Off                ;
; Enable parallel Assembler and TimeQuest Timing Analyzer during compilation ; On                 ; On                 ;
; Enable compact report table                                                ; Off                ; Off                ;
; Restructure Multiplexers                                                   ; Auto               ; Auto               ;
; Create Debugging Nodes for IP Cores                                        ; Off                ; Off                ;
; Preserve fewer node names                                                  ; On                 ; On                 ;
; Disable OpenCore Plus hardware evaluation                                  ; Off                ; Off                ;
; Verilog Version                                                            ; Verilog_2001       ; Verilog_2001       ;
; VHDL Version                                                               ; VHDL_1993          ; VHDL_1993          ;
; State Machine Processing                                                   ; Auto               ; Auto               ;
; Safe State Machine                                                         ; Off                ; Off                ;
; Extract Verilog State Machines                                             ; On                 ; On                 ;
; Extract VHDL State Machines                                                ; On                 ; On                 ;
; Ignore Verilog initial constructs                                          ; Off                ; Off                ;
; Iteration limit for constant Verilog loops                                 ; 5000               ; 5000               ;
; Iteration limit for non-constant Verilog loops                             ; 250                ; 250                ;
; Add Pass-Through Logic to Inferred RAMs                                    ; On                 ; On                 ;
; Infer RAMs from Raw Logic                                                  ; On                 ; On                 ;
; Parallel Synthesis                                                         ; On                 ; On                 ;
; DSP Block Balancing                                                        ; Auto               ; Auto               ;
; NOT Gate Push-Back                                                         ; On                 ; On                 ;
; Power-Up Don't Care                                                        ; On                 ; On                 ;
; Remove Redundant Logic Cells                                               ; Off                ; Off                ;
; Remove Duplicate Registers                                                 ; On                 ; On                 ;
; Ignore CARRY Buffers                                                       ; Off                ; Off                ;
; Ignore CASCADE Buffers                                                     ; Off                ; Off                ;
; Ignore GLOBAL Buffers                                                      ; Off                ; Off                ;
; Ignore ROW GLOBAL Buffers                                                  ; Off                ; Off                ;
; Ignore LCELL Buffers                                                       ; Off                ; Off                ;
; Ignore SOFT Buffers                                                        ; On                 ; On                 ;
; Limit AHDL Integers to 32 Bits                                             ; Off                ; Off                ;
; Optimization Technique                                                     ; Balanced           ; Balanced           ;
; Carry Chain Length                                                         ; 70                 ; 70                 ;
; Auto Carry Chains                                                          ; On                 ; On                 ;
; Auto Open-Drain Pins                                                       ; On                 ; On                 ;
; Perform WYSIWYG Primitive Resynthesis                                      ; Off                ; Off                ;
; Auto ROM Replacement                                                       ; On                 ; On                 ;
; Auto RAM Replacement                                                       ; On                 ; On                 ;
; Auto DSP Block Replacement                                                 ; On                 ; On                 ;
; Auto Shift Register Replacement                                            ; Auto               ; Auto               ;
; Allow Shift Register Merging across Hierarchies                            ; Auto               ; Auto               ;
; Auto Clock Enable Replacement                                              ; On                 ; On                 ;
; Strict RAM Replacement                                                     ; Off                ; Off                ;
; Allow Synchronous Control Signals                                          ; On                 ; On                 ;
; Force Use of Synchronous Clear Signals                                     ; Off                ; Off                ;
; Auto RAM Block Balancing                                                   ; On                 ; On                 ;
; Auto RAM to Logic Cell Conversion                                          ; Off                ; Off                ;
; Auto Resource Sharing                                                      ; Off                ; Off                ;
; Allow Any RAM Size For Recognition                                         ; Off                ; Off                ;
; Allow Any ROM Size For Recognition                                         ; Off                ; Off                ;
; Allow Any Shift Register Size For Recognition                              ; Off                ; Off                ;
; Use LogicLock Constraints during Resource Balancing                        ; On                 ; On                 ;
; Ignore translate_off and synthesis_off directives                          ; Off                ; Off                ;
; Timing-Driven Synthesis                                                    ; On                 ; On                 ;
; Report Parameter Settings                                                  ; On                 ; On                 ;
; Report Source Assignments                                                  ; On                 ; On                 ;
; Report Connectivity Checks                                                 ; On                 ; On                 ;
; Ignore Maximum Fan-Out Assignments                                         ; Off                ; Off                ;
; Synchronization Register Chain Length                                      ; 2                  ; 2                  ;
; PowerPlay Power Optimization                                               ; Normal compilation ; Normal compilation ;
; HDL message level                                                          ; Level2             ; Level2             ;
; Suppress Register Optimization Related Messages                            ; Off                ; Off                ;
; Number of Removed Registers Reported in Synthesis Report                   ; 5000               ; 5000               ;
; Number of Swept Nodes Reported in Synthesis Report                         ; 5000               ; 5000               ;
; Number of Inverted Registers Reported in Synthesis Report                  ; 100                ; 100                ;
; Clock MUX Protection                                                       ; On                 ; On                 ;
; Auto Gated Clock Conversion                                                ; Off                ; Off                ;
; Block Design Naming                                                        ; Auto               ; Auto               ;
; SDC constraint protection                                                  ; Off                ; Off                ;
; Synthesis Effort                                                           ; Auto               ; Auto               ;
; Shift Register Replacement - Allow Asynchronous Clear Signal               ; On                 ; On                 ;
; Pre-Mapping Resynthesis Optimization                                       ; Off                ; Off                ;
; Analysis & Synthesis Message Level                                         ; Medium             ; Medium             ;
; Disable Register Merging Across Hierarchies                                ; Auto               ; Auto               ;
; Resource Aware Inference For Block RAM                                     ; On                 ; On                 ;
; Synthesis Seed                                                             ; 1                  ; 1                  ;
+----------------------------------------------------------------------------+--------------------+--------------------+


Parallel compilation was disabled, but you have multiple processors available. Enable parallel compilation to reduce compilation time.
+-------------------------------------+
; Parallel Compilation                ;
+----------------------------+--------+
; Processors                 ; Number ;
+----------------------------+--------+
; Number detected on machine ; 12     ;
; Maximum allowed            ; 1      ;
+----------------------------+--------+


+--------------------------------------------------------------------------------------------------------------------------------------------------------------------------------------------------+
; Analysis & Synthesis Source Files Read                                                                                                                                                           ;
+----------------------------------+-----------------+------------------------------+----------------------------------------------------------------------------------------------------+---------+
; File Name with User-Entered Path ; Used in Netlist ; File Type                    ; File Name with Absolute Path                                                                       ; Library ;
+----------------------------------+-----------------+------------------------------+----------------------------------------------------------------------------------------------------+---------+
; vga_sync.sv                      ; yes             ; User SystemVerilog HDL File  ; C:/Users/mtuna/Desktop/Programming Stuff/WorkSpaces/Quartus II WorkSpace/VGA_Spaceship/vga_sync.sv ;         ;
; main.sv                          ; yes             ; User SystemVerilog HDL File  ; C:/Users/mtuna/Desktop/Programming Stuff/WorkSpaces/Quartus II WorkSpace/VGA_Spaceship/main.sv     ;         ;
+----------------------------------+-----------------+------------------------------+----------------------------------------------------------------------------------------------------+---------+


+------------------------------------------------------------+
; Analysis & Synthesis Resource Usage Summary                ;
+---------------------------------------------+--------------+
; Resource                                    ; Usage        ;
+---------------------------------------------+--------------+
; Estimated Total logic elements              ; 75           ;
;                                             ;              ;
; Total combinational functions               ; 75           ;
; Logic element usage by number of LUT inputs ;              ;
;     -- 4 input functions                    ; 41           ;
;     -- 3 input functions                    ; 5            ;
;     -- <=2 input functions                  ; 29           ;
;                                             ;              ;
; Logic elements by mode                      ;              ;
;     -- normal mode                          ; 57           ;
;     -- arithmetic mode                      ; 18           ;
;                                             ;              ;
; Total registers                             ; 21           ;
;     -- Dedicated logic registers            ; 21           ;
;     -- I/O registers                        ; 0            ;
;                                             ;              ;
; I/O pins                                    ; 8            ;
; Embedded Multiplier 9-bit elements          ; 0            ;
; Maximum fan-out node                        ; clk_in~input ;
; Maximum fan-out                             ; 22           ;
; Total fan-out                               ; 310          ;
; Average fan-out                             ; 2.77         ;
+---------------------------------------------+--------------+


+-----------------------------------------------------------------------------------------------------------------------------------------------------------------------------+
; Analysis & Synthesis Resource Utilization by Entity                                                                                                                         ;
+----------------------------+-------------------+--------------+-------------+--------------+---------+-----------+------+--------------+---------------------+--------------+
; Compilation Hierarchy Node ; LC Combinationals ; LC Registers ; Memory Bits ; DSP Elements ; DSP 9x9 ; DSP 18x18 ; Pins ; Virtual Pins ; Full Hierarchy Name ; Library Name ;
+----------------------------+-------------------+--------------+-------------+--------------+---------+-----------+------+--------------+---------------------+--------------+
; |main                      ; 75 (0)            ; 21 (0)       ; 0           ; 0            ; 0       ; 0         ; 8    ; 0            ; |main               ; work         ;
;    |vga_sync:vga|          ; 75 (75)           ; 21 (21)      ; 0           ; 0            ; 0       ; 0         ; 0    ; 0            ; |main|vga_sync:vga  ; work         ;
+----------------------------+-------------------+--------------+-------------+--------------+---------+-----------+------+--------------+---------------------+--------------+
Note: For table entries with two numbers listed, the numbers in parentheses indicate the number of resources of the given type used by the specific entity alone. The numbers listed outside of parentheses indicate the total resources of the given type used by the specific entity and all of its sub-entities in the hierarchy.


+------------------------------------------------------+
; General Register Statistics                          ;
+----------------------------------------------+-------+
; Statistic                                    ; Value ;
+----------------------------------------------+-------+
; Total registers                              ; 21    ;
; Number of registers using Synchronous Clear  ; 0     ;
; Number of registers using Synchronous Load   ; 0     ;
; Number of registers using Asynchronous Clear ; 0     ;
; Number of registers using Asynchronous Load  ; 0     ;
; Number of registers using Clock Enable       ; 20    ;
; Number of registers using Preset             ; 0     ;
+----------------------------------------------+-------+


+------------------------------------------------------------------------------------------------------------------------------------------+
; Multiplexer Restructuring Statistics (Restructuring Performed)                                                                           ;
+--------------------+-----------+---------------+----------------------+------------------------+------------+----------------------------+
; Multiplexer Inputs ; Bus Width ; Baseline Area ; Area if Restructured ; Saving if Restructured ; Registered ; Example Multiplexer Output ;
+--------------------+-----------+---------------+----------------------+------------------------+------------+----------------------------+
; 3:1                ; 2 bits    ; 4 LEs         ; 2 LEs                ; 2 LEs                  ; No         ; |main|vga_sync:vga|rgb[1]  ;
+--------------------+-----------+---------------+----------------------+------------------------+------------+----------------------------+


+----------------------------------------------------------------------------------------------------------------------------------------+
; Port Connectivity Checks: "vga_sync:vga"                                                                                               ;
+------------------------------+--------+----------+-------------------------------------------------------------------------------------+
; Port                         ; Type   ; Severity ; Details                                                                             ;
+------------------------------+--------+----------+-------------------------------------------------------------------------------------+
; spaceship_bitmap[15][8..6]   ; Input  ; Info     ; Stuck at VCC                                                                        ;
; spaceship_bitmap[15][15..9]  ; Input  ; Info     ; Stuck at GND                                                                        ;
; spaceship_bitmap[15][5..0]   ; Input  ; Info     ; Stuck at GND                                                                        ;
; spaceship_bitmap[14][10..4]  ; Input  ; Info     ; Stuck at VCC                                                                        ;
; spaceship_bitmap[14][15..11] ; Input  ; Info     ; Stuck at GND                                                                        ;
; spaceship_bitmap[14][3..0]   ; Input  ; Info     ; Stuck at GND                                                                        ;
; spaceship_bitmap[13][9..5]   ; Input  ; Info     ; Stuck at VCC                                                                        ;
; spaceship_bitmap[13][15..10] ; Input  ; Info     ; Stuck at GND                                                                        ;
; spaceship_bitmap[13][4..0]   ; Input  ; Info     ; Stuck at GND                                                                        ;
; spaceship_bitmap[12][8..6]   ; Input  ; Info     ; Stuck at VCC                                                                        ;
; spaceship_bitmap[12][15..9]  ; Input  ; Info     ; Stuck at GND                                                                        ;
; spaceship_bitmap[12][5..0]   ; Input  ; Info     ; Stuck at GND                                                                        ;
; spaceship_bitmap[11][8..6]   ; Input  ; Info     ; Stuck at VCC                                                                        ;
; spaceship_bitmap[11][15..9]  ; Input  ; Info     ; Stuck at GND                                                                        ;
; spaceship_bitmap[11][5..0]   ; Input  ; Info     ; Stuck at GND                                                                        ;
; spaceship_bitmap[10][8..6]   ; Input  ; Info     ; Stuck at VCC                                                                        ;
; spaceship_bitmap[10][15..9]  ; Input  ; Info     ; Stuck at GND                                                                        ;
; spaceship_bitmap[10][5..0]   ; Input  ; Info     ; Stuck at GND                                                                        ;
; spaceship_bitmap[9][8..6]    ; Input  ; Info     ; Stuck at VCC                                                                        ;
; spaceship_bitmap[9][15..9]   ; Input  ; Info     ; Stuck at GND                                                                        ;
; spaceship_bitmap[9][5..0]    ; Input  ; Info     ; Stuck at GND                                                                        ;
; spaceship_bitmap[8][13..1]   ; Input  ; Info     ; Stuck at VCC                                                                        ;
; spaceship_bitmap[8][15..14]  ; Input  ; Info     ; Stuck at GND                                                                        ;
; spaceship_bitmap[8][0]       ; Input  ; Info     ; Stuck at GND                                                                        ;
; spaceship_bitmap[7][11..3]   ; Input  ; Info     ; Stuck at VCC                                                                        ;
; spaceship_bitmap[7][15..12]  ; Input  ; Info     ; Stuck at GND                                                                        ;
; spaceship_bitmap[7][2..0]    ; Input  ; Info     ; Stuck at GND                                                                        ;
; spaceship_bitmap[6][10..4]   ; Input  ; Info     ; Stuck at VCC                                                                        ;
; spaceship_bitmap[6][15..11]  ; Input  ; Info     ; Stuck at GND                                                                        ;
; spaceship_bitmap[6][3..0]    ; Input  ; Info     ; Stuck at GND                                                                        ;
; spaceship_bitmap[5][9..5]    ; Input  ; Info     ; Stuck at VCC                                                                        ;
; spaceship_bitmap[5][15..10]  ; Input  ; Info     ; Stuck at GND                                                                        ;
; spaceship_bitmap[5][4..0]    ; Input  ; Info     ; Stuck at GND                                                                        ;
; spaceship_bitmap[4][8..6]    ; Input  ; Info     ; Stuck at VCC                                                                        ;
; spaceship_bitmap[4][15..9]   ; Input  ; Info     ; Stuck at GND                                                                        ;
; spaceship_bitmap[4][5..0]    ; Input  ; Info     ; Stuck at GND                                                                        ;
; spaceship_bitmap[3][8..6]    ; Input  ; Info     ; Stuck at VCC                                                                        ;
; spaceship_bitmap[3][15..9]   ; Input  ; Info     ; Stuck at GND                                                                        ;
; spaceship_bitmap[3][5..0]    ; Input  ; Info     ; Stuck at GND                                                                        ;
; spaceship_bitmap[2][8..6]    ; Input  ; Info     ; Stuck at VCC                                                                        ;
; spaceship_bitmap[2][15..9]   ; Input  ; Info     ; Stuck at GND                                                                        ;
; spaceship_bitmap[2][5..0]    ; Input  ; Info     ; Stuck at GND                                                                        ;
; spaceship_bitmap[1][8..6]    ; Input  ; Info     ; Stuck at VCC                                                                        ;
; spaceship_bitmap[1][15..9]   ; Input  ; Info     ; Stuck at GND                                                                        ;
; spaceship_bitmap[1][5..0]    ; Input  ; Info     ; Stuck at GND                                                                        ;
; spaceship_bitmap[0][15..8]   ; Input  ; Info     ; Stuck at GND                                                                        ;
; spaceship_bitmap[0][6..0]    ; Input  ; Info     ; Stuck at GND                                                                        ;
; spaceship_bitmap[0][7]       ; Input  ; Info     ; Stuck at VCC                                                                        ;
; planet_bitmap[15][8..6]      ; Input  ; Info     ; Stuck at VCC                                                                        ;
; planet_bitmap[15][15..9]     ; Input  ; Info     ; Stuck at GND                                                                        ;
; planet_bitmap[15][5..0]      ; Input  ; Info     ; Stuck at GND                                                                        ;
; planet_bitmap[14][10..4]     ; Input  ; Info     ; Stuck at VCC                                                                        ;
; planet_bitmap[14][15..11]    ; Input  ; Info     ; Stuck at GND                                                                        ;
; planet_bitmap[14][3..0]      ; Input  ; Info     ; Stuck at GND                                                                        ;
; planet_bitmap[13][9..5]      ; Input  ; Info     ; Stuck at VCC                                                                        ;
; planet_bitmap[13][15..10]    ; Input  ; Info     ; Stuck at GND                                                                        ;
; planet_bitmap[13][4..0]      ; Input  ; Info     ; Stuck at GND                                                                        ;
; planet_bitmap[12][8..6]      ; Input  ; Info     ; Stuck at VCC                                                                        ;
; planet_bitmap[12][15..9]     ; Input  ; Info     ; Stuck at GND                                                                        ;
; planet_bitmap[12][5..0]      ; Input  ; Info     ; Stuck at GND                                                                        ;
; planet_bitmap[11][8..6]      ; Input  ; Info     ; Stuck at VCC                                                                        ;
; planet_bitmap[11][15..9]     ; Input  ; Info     ; Stuck at GND                                                                        ;
; planet_bitmap[11][5..0]      ; Input  ; Info     ; Stuck at GND                                                                        ;
; planet_bitmap[10][8..6]      ; Input  ; Info     ; Stuck at VCC                                                                        ;
; planet_bitmap[10][15..9]     ; Input  ; Info     ; Stuck at GND                                                                        ;
; planet_bitmap[10][5..0]      ; Input  ; Info     ; Stuck at GND                                                                        ;
; planet_bitmap[9][8..6]       ; Input  ; Info     ; Stuck at VCC                                                                        ;
; planet_bitmap[9][15..9]      ; Input  ; Info     ; Stuck at GND                                                                        ;
; planet_bitmap[9][5..0]       ; Input  ; Info     ; Stuck at GND                                                                        ;
; planet_bitmap[8][13..1]      ; Input  ; Info     ; Stuck at VCC                                                                        ;
; planet_bitmap[8][15..14]     ; Input  ; Info     ; Stuck at GND                                                                        ;
; planet_bitmap[8][0]          ; Input  ; Info     ; Stuck at GND                                                                        ;
; planet_bitmap[7][11..3]      ; Input  ; Info     ; Stuck at VCC                                                                        ;
; planet_bitmap[7][15..12]     ; Input  ; Info     ; Stuck at GND                                                                        ;
; planet_bitmap[7][2..0]       ; Input  ; Info     ; Stuck at GND                                                                        ;
; planet_bitmap[6][10..4]      ; Input  ; Info     ; Stuck at VCC                                                                        ;
; planet_bitmap[6][15..11]     ; Input  ; Info     ; Stuck at GND                                                                        ;
; planet_bitmap[6][3..0]       ; Input  ; Info     ; Stuck at GND                                                                        ;
; planet_bitmap[5][9..5]       ; Input  ; Info     ; Stuck at VCC                                                                        ;
; planet_bitmap[5][15..10]     ; Input  ; Info     ; Stuck at GND                                                                        ;
; planet_bitmap[5][4..0]       ; Input  ; Info     ; Stuck at GND                                                                        ;
; planet_bitmap[4][8..6]       ; Input  ; Info     ; Stuck at VCC                                                                        ;
; planet_bitmap[4][15..9]      ; Input  ; Info     ; Stuck at GND                                                                        ;
; planet_bitmap[4][5..0]       ; Input  ; Info     ; Stuck at GND                                                                        ;
; planet_bitmap[3][8..6]       ; Input  ; Info     ; Stuck at VCC                                                                        ;
; planet_bitmap[3][15..9]      ; Input  ; Info     ; Stuck at GND                                                                        ;
; planet_bitmap[3][5..0]       ; Input  ; Info     ; Stuck at GND                                                                        ;
; planet_bitmap[2][8..6]       ; Input  ; Info     ; Stuck at VCC                                                                        ;
; planet_bitmap[2][15..9]      ; Input  ; Info     ; Stuck at GND                                                                        ;
; planet_bitmap[2][5..0]       ; Input  ; Info     ; Stuck at GND                                                                        ;
; planet_bitmap[1][8..6]       ; Input  ; Info     ; Stuck at VCC                                                                        ;
; planet_bitmap[1][15..9]      ; Input  ; Info     ; Stuck at GND                                                                        ;
; planet_bitmap[1][5..0]       ; Input  ; Info     ; Stuck at GND                                                                        ;
; planet_bitmap[0][15..8]      ; Input  ; Info     ; Stuck at GND                                                                        ;
; planet_bitmap[0][6..0]       ; Input  ; Info     ; Stuck at GND                                                                        ;
; planet_bitmap[0][7]          ; Input  ; Info     ; Stuck at VCC                                                                        ;
; spaceship_x[5..0]            ; Input  ; Info     ; Stuck at GND                                                                        ;
; spaceship_x[9]               ; Input  ; Info     ; Stuck at GND                                                                        ;
; spaceship_x[8]               ; Input  ; Info     ; Stuck at VCC                                                                        ;
; spaceship_x[7]               ; Input  ; Info     ; Stuck at GND                                                                        ;
; spaceship_x[6]               ; Input  ; Info     ; Stuck at VCC                                                                        ;
; spaceship_y[7..4]            ; Input  ; Info     ; Stuck at VCC                                                                        ;
; spaceship_y[9..8]            ; Input  ; Info     ; Stuck at GND                                                                        ;
; spaceship_y[3..0]            ; Input  ; Info     ; Stuck at GND                                                                        ;
; planet_x[5..3]               ; Input  ; Info     ; Stuck at GND                                                                        ;
; planet_x[9]                  ; Input  ; Info     ; Stuck at GND                                                                        ;
; planet_x[8]                  ; Input  ; Info     ; Stuck at VCC                                                                        ;
; planet_x[7]                  ; Input  ; Info     ; Stuck at GND                                                                        ;
; planet_x[6]                  ; Input  ; Info     ; Stuck at VCC                                                                        ;
; planet_x[2]                  ; Input  ; Info     ; Stuck at VCC                                                                        ;
; planet_x[1]                  ; Input  ; Info     ; Stuck at GND                                                                        ;
; planet_x[0]                  ; Input  ; Info     ; Stuck at VCC                                                                        ;
; planet_y[7..5]               ; Input  ; Info     ; Stuck at VCC                                                                        ;
; planet_y[9..8]               ; Input  ; Info     ; Stuck at GND                                                                        ;
; planet_y[4]                  ; Input  ; Info     ; Stuck at GND                                                                        ;
; planet_y[3]                  ; Input  ; Info     ; Stuck at VCC                                                                        ;
; planet_y[2]                  ; Input  ; Info     ; Stuck at GND                                                                        ;
; planet_y[1]                  ; Input  ; Info     ; Stuck at VCC                                                                        ;
; planet_y[0]                  ; Input  ; Info     ; Stuck at GND                                                                        ;
; IRQ_Vsync                    ; Output ; Info     ; Connected to dangling logic. Logic that only feeds a dangling port will be removed. ;
+------------------------------+--------+----------+-------------------------------------------------------------------------------------+


+-------------------------------+
; Elapsed Time Per Partition    ;
+----------------+--------------+
; Partition Name ; Elapsed Time ;
+----------------+--------------+
; Top            ; 00:00:00     ;
+----------------+--------------+


+-------------------------------+
; Analysis & Synthesis Messages ;
+-------------------------------+
Info: *******************************************************************
Info: Running Quartus II 64-Bit Analysis & Synthesis
    Info: Version 13.1.0 Build 162 10/23/2013 SJ Web Edition
    Info: Processing started: Thu Jan 18 21:08:57 2024
Info: Command: quartus_map --read_settings_files=on --write_settings_files=off VGA_Spaceship -c VGA_Spaceship
Warning (20028): Parallel compilation is not licensed and has been disabled
Info (12021): Found 1 design units, including 1 entities, in source file mammal.sv
    Info (12023): Found entity 1: mammal
Info (12021): Found 1 design units, including 1 entities, in source file keyboard.sv
    Info (12023): Found entity 1: keyboard
Info (12021): Found 1 design units, including 1 entities, in source file vga_sync.sv
    Info (12023): Found entity 1: vga_sync
Info (12021): Found 1 design units, including 1 entities, in source file main.sv
    Info (12023): Found entity 1: main
Info (12127): Elaborating entity "main" for the top level hierarchy
Warning (10034): Output port "data" at main.sv(9) has no driver
Info (12128): Elaborating entity "vga_sync" for hierarchy "vga_sync:vga"
Warning (10230): Verilog HDL assignment warning at vga_sync.sv(45): truncated value with size 32 to match size of target (10)
Warning (10230): Verilog HDL assignment warning at vga_sync.sv(48): truncated value with size 32 to match size of target (10)
Warning (13024): Output pins are stuck at VCC or GND
    Warning (13410): Pin "data" is stuck at GND
Info (286030): Timing-Driven Synthesis is running
Info (16010): Generating hard_block partition "hard_block:auto_generated_inst"
    Info (16011): Adding 0 node(s), including 0 DDIO, 0 PLL, 0 transceiver and 0 LCELL
Info (21057): Implemented 83 device resources after synthesis - the final resource count might be different
    Info (21058): Implemented 1 input pins
    Info (21059): Implemented 7 output pins
    Info (21061): Implemented 75 logic cells
Info: Quartus II 64-Bit Analysis & Synthesis was successful. 0 errors, 6 warnings
    Info: Peak virtual memory: 4623 megabytes
    Info: Processing ended: Thu Jan 18 21:08:58 2024
    Info: Elapsed time: 00:00:01
    Info: Total CPU time (on all processors): 00:00:00


